

2026-04-08 06:40:41|[https-jsse-nio-0.0.0.0-10443-exec-7]|DEBUG|c.c.t.f.c.m.t.r.l.DefaultableTranslationRepo|31572193-89b4-4832-b961-80852a4e6bd3|app-registration|terminology|mhc|ela_mhc|findOne using query: { tranzform.messages.id : ~terminology~tranzform~app-registration~messages_en_US } in yml configurations

2026-04-08 06:40:41|[https-jsse-nio-0.0.0.0-10443-exec-7]|ERROR|o.g.j.server.ServerRuntime$Responder|31572193-89b4-4832-b961-80852a4e6bd3|app-registration|terminology|mhc|ela_mhc|An exception has been thrown from an exception mapper class com.cognizant.tranzform.foundation.ccclib.epr.dfault.exception.handler.EndPointRESTExceptionMapper.

org.springframework.context.NoSuchMessageException: No message found under code 'MSLIBCOMMONS_SYS_E001_message' for locale 'en_US'.

        at org.springframework.context.support.AbstractMessageSource.getMessage(AbstractMessageSource.java:161)

        at org.springframework.context.support.AbstractApplicationContext.getMessage(AbstractApplicationContext.java:1385)

        at com.cognizant.tranzform.foundation.ccclib.epr.dfault.exception.handler.EndPointRESTExceptionMapper.toResponse(EndPointRESTExceptionMapper.java:62)

        at org.glassfish.jersey.server.ServerRuntime$Responder.mapException(ServerRuntime.java:528)

        at org.glassfish.jersey.server.ServerRuntime$Responder.process(ServerRuntime.java:403)

        at org.glassfish.jersey.server.ServerRuntime$1.run(ServerRuntime.java:261)

        at org.glassfish.jersey.internal.Errors$1.call(Errors.java:248)

        at org.glassfish.jersey.internal.Errors$1.call(Errors.java:244)

        at org.glassfish.jersey.internal.Errors.process(Errors.java:292)

        at org.glassfish.jersey.internal.Errors.process(Errors.java:274)

        at org.glassfish.jersey.internal.Errors.process(Errors.java:244)

        at org.glassfish.jersey.process.internal.RequestScope.runInScope(RequestScope.java:265)

        at org.glassfish.jersey.server.ServerRuntime.process(ServerRuntime.java:232)

        at org.glassfish.jersey.server.ApplicationHandler.handle(ApplicationHandler.java:680)

        at org.glassfish.jersey.servlet.WebComponent.serviceImpl(WebComponent.java:394)

        at org.glassfish.jersey.servlet.WebComponent.service(WebComponent.java:346)

        at org.glassfish.jersey.servlet.ServletContainer.service(ServletContainer.java:366)

        at org.glassfish.jersey.servlet.ServletContainer.service(ServletContainer.java:319)

        at org.glassfish.jersey.servlet.ServletContainer.service(ServletContainer.java:205)

        at org.apache.catalina.core.ApplicationFilterChain.internalDoFilter(ApplicationFilterChain.java:209)

        at org.apache.catalina.core.ApplicationFilterChain.doFilter(ApplicationFilterChain.java:153)

        at org.apache.tomcat.websocket.server.WsFilter.doFilter(WsFilter.java:51)

        at org.apache.catalina.core.ApplicationFilterChain.internalDoFilter(ApplicationFilterChain.java:178)

        at org.apache.catalina.core.ApplicationFilterChain.doFilter(ApplicationFilterChain.java:153)

        at com.cognizant.tranzform.foundation.mslib.endpoint.rest.filter.TranzformSanitizeFilter.doFilter(TranzformSanitizeFilter.java:70)

        at org.apache.catalina.core.ApplicationFilterChain.internalDoFilter(ApplicationFilterChain.java:178)

        at org.apache.catalina.core.ApplicationFilterChain.doFilter(ApplicationFilterChain.java:153)

        at org.springframework.web.filter.RequestContextFilter.doFilterInternal(RequestContextFilter.java:100)

        at org.springframework.web.filter.OncePerRequestFilter.doFilter(OncePerRequestFilter.java:117)

        at org.apache.catalina.core.ApplicationFilterChain.internalDoFilter(ApplicationFilterChain.java:178)

        at org.apache.catalina.core.ApplicationFilterChain.doFilter(ApplicationFilterChain.java:153)

        at org.springframework.web.filter.FormContentFilter.doFilterInternal(FormContentFilter.java:93)

        at org.springframework.web.filter.OncePerRequestFilter.doFilter(OncePerRequestFilter.java:117)

        at org.apache.catalina.core.ApplicationFilterChain.internalDoFilter(ApplicationFilterChain.java:178)

        at org.apache.catalina.core.ApplicationFilterChain.doFilter(ApplicationFilterChain.java:153)

        at datadog.trace.instrumentation.springweb.HandlerMappingResourceNameFilter.doFilterInternal(HandlerMappingResourceNameFilter.java:50)

        at org.springframework.web.filter.OncePerRequestFilter.doFilter(OncePerRequestFilter.java:117)

        at org.apache.catalina.core.ApplicationFilterChain.internalDoFilter(ApplicationFilterChain.java:178)

        at org.apache.catalina.core.ApplicationFilterChain.doFilter(ApplicationFilterChain.java:153)

        at org.springframework.web.filter.CharacterEncodingFilter.doFilterInternal(CharacterEncodingFilter.java:201)

        at org.springframework.web.filter.OncePerRequestFilter.doFilter(OncePerRequestFilter.java:117)

        at org.apache.catalina.core.ApplicationFilterChain.internalDoFilter(ApplicationFilterChain.java:178)

        at org.apache.catalina.core.ApplicationFilterChain.doFilter(ApplicationFilterChain.java:153)

        at org.springframework.web.filter.ServletRequestPathFilter.doFilter(ServletRequestPathFilter.java:56)

        at org.springframework.web.filter.DelegatingFilterProxy.invokeDelegate(DelegatingFilterProxy.java:354)

        at org.springframework.web.filter.DelegatingFilterProxy.doFilter(DelegatingFilterProxy.java:267)

        at org.apache.catalina.core.ApplicationFilterChain.internalDoFilter(ApplicationFilterChain.java:178)

        at org.apache.catalina.core.ApplicationFilterChain.doFilter(ApplicationFilterChain.java:153)

        at com.microsoft.applicationinsights.web.internal.WebRequestTrackingFilter.doFilter(WebRequestTrackingFilter.java:142)

        at org.apache.catalina.core.ApplicationFilterChain.internalDoFilter(ApplicationFilterChain.java:178)

        at org.apache.catalina.core.ApplicationFilterChain.doFilter(ApplicationFilterChain.java:153)

        at org.apache.catalina.core.StandardWrapperValve.invoke(StandardWrapperValve.java:168)

        at org.apache.catalina.core.StandardContextValve.invoke(StandardContextValve.java:90)

        at org.apache.catalina.authenticator.AuthenticatorBase.invoke(AuthenticatorBase.java:481)

        at org.apache.catalina.core.StandardHostValve.invoke(StandardHostValve.java:130)

        at org.apache.catalina.valves.ErrorReportValve.invoke(ErrorReportValve.java:93)

        at org.apache.catalina.core.StandardEngineValve.invoke(StandardEngineValve.java:74)

        at org.apache.catalina.valves.AbstractAccessLogValve.invoke(AbstractAccessLogValve.java:670)

        at org.apache.catalina.valves.RemoteIpValve.invoke(RemoteIpValve.java:765)

        at org.apache.catalina.connector.CoyoteAdapter.service(CoyoteAdapter.java:342)

        at org.apache.coyote.http11.Http11Processor.service(Http11Processor.java:390)

        at org.apache.coyote.AbstractProcessorLight.process(AbstractProcessorLight.java:63)

        at org.apache.coyote.AbstractProtocol$ConnectionHandler.process(AbstractProtocol.java:928)

        at org.apache.tomcat.util.net.NioEndpoint$SocketProcessor.doRun(NioEndpoint.java:1794)

        at org.apache.tomcat.util.net.SocketProcessorBase.run(SocketProcessorBase.java:52)

        at org.apache.tomcat.util.threads.ThreadPoolExecutor.runWorker(ThreadPoolExecutor.java:1191)

        at org.apache.tomcat.util.threads.ThreadPoolExecutor$Worker.run(ThreadPoolExecutor.java:659)

        at org.apache.tomcat.util.threads.TaskThread$WrappingRunnable.run(TaskThread.java:61)

        at java.lang.Thread.run(Thread.java:750)

2026-04-08 06:40:41|[https-jsse-nio-0.0.0.0-10443-exec-7]|ERROR|o.g.j.server.ServerRuntime$Responder|31572193-89b4-4832-b961-80852a4e6bd3|app-registration|terminology|mhc|ela_mhc|An exception was not mapped due to exception mapper failure. The HTTP 500 response will be returned.

org.springframework.beans.factory.BeanCreationException: Error creating bean with name 'scopedTarget.mongo' defined in class path resource [com/cognizant/mongo/MongoConfiguration.class]: Bean instantiation via factory method failed; nested exception is org.springframework.beans.BeanInstantiationException: Failed to instantiate [com.mongodb.client.MongoClient]: Factory method 'mongo' threw exception; nested exception is java.lang.NullPointerException

        at org.springframework.beans.factory.support.ConstructorResolver.instantiate(ConstructorResolver.java:658)

        at org.springframework.beans.factory.support.ConstructorResolver.instantiateUsingFactoryMethod(ConstructorResolver.java:638)

        at org.springframework.beans.factory.support.AbstractAutowireCapableBeanFactory.instantiateUsingFactoryMethod(AbstractAutowireCapableBeanFactory.java:1352)

        at org.springframework.beans.factory.support.AbstractAutowireCapableBeanFactory.createBeanInstance(AbstractAutowireCapableBeanFactory.java:1195)

        at org.springframework.beans.factory.support.AbstractAutowireCapableBeanFactory.doCreateBean(AbstractAutowireCapableBeanFactory.java:582)

        at org.springframework.beans.factory.support.AbstractAutowireCapableBeanFactory.createBean(AbstractAutowireCapableBeanFactory.java:542)

        at org.springframework.beans.factory.support.AbstractBeanFactory.doGetBean(AbstractBeanFactory.java:353)

        at org.springframework.beans.factory.support.AbstractBeanFactory.getBean(AbstractBeanFactory.java:208)

        at org.springframework.aop.target.SimpleBeanTargetSource.getTarget(SimpleBeanTargetSource.java:35)

        at org.springframework.aop.framework.JdkDynamicAopProxy.invoke(JdkDynamicAopProxy.java:200)

        at com.sun.proxy.$Proxy169.getDatabase(Unknown Source)

        at org.springframework.data.mongodb.core.SimpleMongoClientDatabaseFactory.doGetMongoDatabase(SimpleMongoClientDatabaseFactory.java:102)

        at org.springframework.data.mongodb.core.MongoDatabaseFactorySupport.getMongoDatabase(MongoDatabaseFactorySupport.java:104)

        at org.springframework.data.mongodb.core.MongoDatabaseFactorySupport.getMongoDatabase(MongoDatabaseFactorySupport.java:92)

        at sun.reflect.NativeMethodAccessorImpl.invoke0(Native Method)

        at sun.reflect.NativeMethodAccessorImpl.invoke(NativeMethodAccessorImpl.java:62)

        at sun.reflect.DelegatingMethodAccessorImpl.invoke(DelegatingMethodAccessorImpl.java:43)

        at java.lang.reflect.Method.invoke(Method.java:498)

        at org.springframework.aop.support.AopUtils.invokeJoinpointUsingReflection(AopUtils.java:344)

        at org.springframework.aop.framework.ReflectiveMethodInvocation.invokeJoinpoint(ReflectiveMethodInvocation.java:198)

        at org.springframework.aop.framework.ReflectiveMethodInvocation.proceed(ReflectiveMethodInvocation.java:163)

        at org.springframework.aop.support.DelegatingIntroductionInterceptor.doProceed(DelegatingIntroductionInterceptor.java:137)

        at org.springframework.aop.support.DelegatingIntroductionInterceptor.invoke(DelegatingIntroductionInterceptor.java:124)

        at org.springframework.aop.framework.ReflectiveMethodInvocation.proceed(ReflectiveMethodInvocation.java:186)

        at org.springframework.aop.framework.JdkDynamicAopProxy.invoke(JdkDynamicAopProxy.java:220)

        at com.sun.proxy.$Proxy168.getMongoDatabase(Unknown Source)

        at org.springframework.data.mongodb.MongoDatabaseUtils.doGetMongoDatabase(MongoDatabaseUtils.java:109)

        at org.springframework.data.mongodb.MongoDatabaseUtils.getDatabase(MongoDatabaseUtils.java:68)

        at org.springframework.data.mongodb.core.MongoTemplate.doGetDatabase(MongoTemplate.java:2422)

        at org.springframework.data.mongodb.core.MongoTemplate.executeFindMultiInternal(MongoTemplate.java:2951)

        at org.springframework.data.mongodb.core.MongoTemplate.doFind(MongoTemplate.java:2651)

        at org.springframework.data.mongodb.core.MongoTemplate.doFind(MongoTemplate.java:2633)

        at org.springframework.data.mongodb.core.MongoTemplate.find(MongoTemplate.java:883)

        at org.springframework.data.mongodb.core.MongoTemplate.find(MongoTemplate.java:869)

        at sun.reflect.NativeMethodAccessorImpl.invoke0(Native Method)

        at sun.reflect.NativeMethodAccessorImpl.invoke(NativeMethodAccessorImpl.java:62)

        at sun.reflect.DelegatingMethodAccessorImpl.invoke(DelegatingMethodAccessorImpl.java:43)

        at java.lang.reflect.Method.invoke(Method.java:498)

        at org.springframework.aop.support.AopUtils.invokeJoinpointUsingReflection(AopUtils.java:344)

        at org.springframework.aop.framework.ReflectiveMethodInvocation.invokeJoinpoint(ReflectiveMethodInvocation.java:198)

        at org.springframework.aop.framework.ReflectiveMethodInvocation.proceed(ReflectiveMethodInvocation.java:163)

        at org.springframework.aop.support.DelegatingIntroductionInterceptor.doProceed(DelegatingIntroductionInterceptor.java:137)

        at org.springframework.aop.support.DelegatingIntroductionInterceptor.invoke(DelegatingIntroductionInterceptor.java:124)

        at org.springframework.aop.framework.ReflectiveMethodInvocation.proceed(ReflectiveMethodInvocation.java:186)

        at org.springframework.aop.framework.JdkDynamicAopProxy.invoke(JdkDynamicAopProxy.java:220)

        at com.sun.proxy.$Proxy165.find(Unknown Source)

        at com.cognizant.tranzform.appregistration.repo.local.AppRegistrationRepositoryLocalImpl.searchAppRegistrations(AppRegistrationRepositoryLocalImpl.java:303)

        at sun.reflect.NativeMethodAccessorImpl.invoke0(Native Method)

        at sun.reflect.NativeMethodAccessorImpl.invoke(NativeMethodAccessorImpl.java:62)

        at sun.reflect.DelegatingMethodAccessorImpl.invoke(DelegatingMethodAccessorImpl.java:43)

        at java.lang.reflect.Method.invoke(Method.java:498)

        at com.cognizant.tranzform.foundation.mslib.repo.multi.MultiRepoInvocationDelegator.invoke(MultiRepoInvocationDelegator.java:55)

        at com.sun.proxy.$Proxy206.searchAppRegistrations(Unknown Source)

        at com.cognizant.tranzform.workflow.AppRegistrationWorkflow.searchAppRegistrations(AppRegistrationWorkflow.java:664)

        at com.cognizant.tranzform.ms.api.AppRegistrationsApiServiceImpl.searchAppRegistrations(AppRegistrationsApiServiceImpl.java:123)

        at com.cognizant.tranzform.ms.api.appregistration.business.service.api.AppRegistrationsApi.searchAppRegistrations(AppRegistrationsApi.java:173)

        at sun.reflect.NativeMethodAccessorImpl.invoke0(Native Method)

        at sun.reflect.NativeMethodAccessorImpl.invoke(NativeMethodAccessorImpl.java:62)

        at sun.reflect.DelegatingMethodAccessorImpl.invoke(DelegatingMethodAccessorImpl.java:43)

        at java.lang.reflect.Method.invoke(Method.java:498)

        at org.glassfish.jersey.server.model.internal.ResourceMethodInvocationHandlerFactory.lambda$static$0(ResourceMethodInvocationHandlerFactory.java:52)

        at org.glassfish.jersey.server.model.internal.AbstractJavaResourceMethodDispatcher$1.run(AbstractJavaResourceMethodDispatcher.java:124)

        at org.glassfish.jersey.server.model.internal.AbstractJavaResourceMethodDispatcher.invoke(AbstractJavaResourceMethodDispatcher.java:167)

        at org.glassfish.jersey.server.model.internal.JavaResourceMethodDispatcherProvider$TypeOutInvoker.doDispatch(JavaResourceMethodDispatcherProvider.java:219)

        at org.glassfish.jersey.server.model.internal.AbstractJavaResourceMethodDispatcher.dispatch(AbstractJavaResourceMethodDispatcher.java:79)

        at org.glassfish.jersey.server.model.ResourceMethodInvoker.invoke(ResourceMethodInvoker.java:469)

        at org.glassfish.jersey.server.model.ResourceMethodInvoker.apply(ResourceMethodInvoker.java:391)

        at org.glassfish.jersey.server.model.ResourceMethodInvoker.apply(ResourceMethodInvoker.java:80)

        at org.glassfish.jersey.server.ServerRuntime$1.run(ServerRuntime.java:253)

        at org.glassfish.jersey.internal.Errors$1.call(Errors.java:248)

        at org.glassfish.jersey.internal.Errors$1.call(Errors.java:244)

        at org.glassfish.jersey.internal.Errors.process(Errors.java:292)

        at org.glassfish.jersey.internal.Errors.process(Errors.java:274)

        at org.glassfish.jersey.internal.Errors.process(Errors.java:244)

        at org.glassfish.jersey.process.internal.RequestScope.runInScope(RequestScope.java:265)

        at org.glassfish.jersey.server.ServerRuntime.process(ServerRuntime.java:232)

        at org.glassfish.jersey.server.ApplicationHandler.handle(ApplicationHandler.java:680)

        at org.glassfish.jersey.servlet.WebComponent.serviceImpl(WebComponent.java:394)

        at org.glassfish.jersey.servlet.WebComponent.service(WebComponent.java:346)

        at org.glassfish.jersey.servlet.ServletContainer.service(ServletContainer.java:366)

        at org.glassfish.jersey.servlet.ServletContainer.service(ServletContainer.java:319)

        at org.glassfish.jersey.servlet.ServletContainer.service(ServletContainer.java:205)

        at org.apache.catalina.core.ApplicationFilterChain.internalDoFilter(ApplicationFilterChain.java:209)

        at org.apache.catalina.core.ApplicationFilterChain.doFilter(ApplicationFilterChain.java:153)

        at org.apache.tomcat.websocket.server.WsFilter.doFilter(WsFilter.java:51)

        at org.apache.catalina.core.ApplicationFilterChain.internalDoFilter(ApplicationFilterChain.java:178)

        at org.apache.catalina.core.ApplicationFilterChain.doFilter(ApplicationFilterChain.java:153)

        at com.cognizant.tranzform.foundation.mslib.endpoint.rest.filter.TranzformSanitizeFilter.doFilter(TranzformSanitizeFilter.java:70)

        at org.apache.catalina.core.ApplicationFilterChain.internalDoFilter(ApplicationFilterChain.java:178)

        at org.apache.catalina.core.ApplicationFilterChain.doFilter(ApplicationFilterChain.java:153)

        at org.springframework.web.filter.RequestContextFilter.doFilterInternal(RequestContextFilter.java:100)

        at org.springframework.web.filter.OncePerRequestFilter.doFilter(OncePerRequestFilter.java:117)

        at org.apache.catalina.core.ApplicationFilterChain.internalDoFilter(ApplicationFilterChain.java:178)

        at org.apache.catalina.core.ApplicationFilterChain.doFilter(ApplicationFilterChain.java:153)

        at org.springframework.web.filter.FormContentFilter.doFilterInternal(FormContentFilter.java:93)

        at org.springframework.web.filter.OncePerRequestFilter.doFilter(OncePerRequestFilter.java:117)

        at org.apache.catalina.core.ApplicationFilterChain.internalDoFilter(ApplicationFilterChain.java:178)

        at org.apache.catalina.core.ApplicationFilterChain.doFilter(ApplicationFilterChain.java:153)

        at datadog.trace.instrumentation.springweb.HandlerMappingResourceNameFilter.doFilterInternal(HandlerMappingResourceNameFilter.java:50)

        at org.springframework.web.filter.OncePerRequestFilter.doFilter(OncePerRequestFilter.java:117)

        at org.apache.catalina.core.ApplicationFilterChain.internalDoFilter(ApplicationFilterChain.java:178)

        at org.apache.catalina.core.ApplicationFilterChain.doFilter(ApplicationFilterChain.java:153)

        at org.springframework.web.filter.CharacterEncodingFilter.doFilterInternal(CharacterEncodingFilter.java:201)

        at org.springframework.web.filter.OncePerRequestFilter.doFilter(OncePerRequestFilter.java:117)

        at org.apache.catalina.core.ApplicationFilterChain.internalDoFilter(ApplicationFilterChain.java:178)

        at org.apache.catalina.core.ApplicationFilterChain.doFilter(ApplicationFilterChain.java:153)

        at org.springframework.web.filter.ServletRequestPathFilter.doFilter(ServletRequestPathFilter.java:56)

        at org.springframework.web.filter.DelegatingFilterProxy.invokeDelegate(DelegatingFilterProxy.java:354)

        at org.springframework.web.filter.DelegatingFilterProxy.doFilter(DelegatingFilterProxy.java:267)

        at org.apache.catalina.core.ApplicationFilterChain.internalDoFilter(ApplicationFilterChain.java:178)

        at org.apache.catalina.core.ApplicationFilterChain.doFilter(ApplicationFilterChain.java:153)

        at com.microsoft.applicationinsights.web.internal.WebRequestTrackingFilter.doFilter(WebRequestTrackingFilter.java:142)

        at org.apache.catalina.core.ApplicationFilterChain.internalDoFilter(ApplicationFilterChain.java:178)

        at org.apache.catalina.core.ApplicationFilterChain.doFilter(ApplicationFilterChain.java:153)

        at org.apache.catalina.core.StandardWrapperValve.invoke(StandardWrapperValve.java:168)

        at org.apache.catalina.core.StandardContextValve.invoke(StandardContextValve.java:90)

        at org.apache.catalina.authenticator.AuthenticatorBase.invoke(AuthenticatorBase.java:481)

        at org.apache.catalina.core.StandardHostValve.invoke(StandardHostValve.java:130)

        at org.apache.catalina.valves.ErrorReportValve.invoke(ErrorReportValve.java:93)

        at org.apache.catalina.core.StandardEngineValve.invoke(StandardEngineValve.java:74)

        at org.apache.catalina.valves.AbstractAccessLogValve.invoke(AbstractAccessLogValve.java:670)

        at org.apache.catalina.valves.RemoteIpValve.invoke(RemoteIpValve.java:765)

        at org.apache.catalina.connector.CoyoteAdapter.service(CoyoteAdapter.java:342)

        at org.apache.coyote.http11.Http11Processor.service(Http11Processor.java:390)

        at org.apache.coyote.AbstractProcessorLight.process(AbstractProcessorLight.java:63)

        at org.apache.coyote.AbstractProtocol$ConnectionHandler.process(AbstractProtocol.java:928)

        at org.apache.tomcat.util.net.NioEndpoint$SocketProcessor.doRun(NioEndpoint.java:1794)

        at org.apache.tomcat.util.net.SocketProcessorBase.run(SocketProcessorBase.java:52)

        at org.apache.tomcat.util.threads.ThreadPoolExecutor.runWorker(ThreadPoolExecutor.java:1191)

        at org.apache.tomcat.util.threads.ThreadPoolExecutor$Worker.run(ThreadPoolExecutor.java:659)

        at org.apache.tomcat.util.threads.TaskThread$WrappingRunnable.run(TaskThread.java:61)

        at java.lang.Thread.run(Thread.java:750)

Caused by: org.springframework.beans.BeanInstantiationException: Failed to instantiate [com.mongodb.client.MongoClient]: Factory method 'mongo' threw exception; nested exception is java.lang.NullPointerException

        at org.springframework.beans.factory.support.SimpleInstantiationStrategy.instantiate(SimpleInstantiationStrategy.java:185)

        at org.springframework.beans.factory.support.ConstructorResolver.instantiate(ConstructorResolver.java:653)

        ... 131 common frames omitted

Caused by: java.lang.NullPointerException: null

        at com.cognizant.mongo.MongoConfiguration.mongo(MongoConfiguration.java:145)

        at com.cognizant.mongo.MongoConfiguration$$EnhancerBySpringCGLIB$$317d8787.CGLIB$mongo$1(<generated>)

        at com.cognizant.mongo.MongoConfiguration$$EnhancerBySpringCGLIB$$317d8787$$FastClassBySpringCGLIB$$3171a32e.invoke(<generated>)

        at org.springframework.cglib.proxy.MethodProxy.invokeSuper(MethodProxy.java:244)

        at org.springframework.context.annotation.ConfigurationClassEnhancer$BeanMethodInterceptor.intercept(ConfigurationClassEnhancer.java:331)

        at com.cognizant.mongo.MongoConfiguration$$EnhancerBySpringCGLIB$$317d8787.mongo(<generated>)

        at sun.reflect.NativeMethodAccessorImpl.invoke0(Native Method)

        at sun.reflect.NativeMethodAccessorImpl.invoke(NativeMethodAccessorImpl.java:62)

        at sun.reflect.DelegatingMethodAccessorImpl.invoke(DelegatingMethodAccessorImpl.java:43)

        at java.lang.reflect.Method.invoke(Method.java:498)

        at org.springframework.beans.factory.support.SimpleInstantiationStrategy.instantiate(SimpleInstantiationStrategy.java:154)

        ... 132 common frames omitted

2026-04-08 06:40:41|[https-jsse-nio-0.0.0.0-10443-exec-7]|DEBUG|o.g.jersey.logging.LoggingFeature|31572193-89b4-4832-b961-80852a4e6bd3|||||1 * Server responded with a response on thread https-jsse-nio-0.0.0.0-10443-exec-7

1 < 500
 